app/build/outputs/mapping/release/usage.txt
app.vercel.agglo_haguenau.twa.R$drawable
app.vercel.agglo_haguenau.twa.R$bool
app.vercel.agglo_haguenau.twa.R$style
app.vercel.agglo_haguenau.twa.R$mipmap
app.vercel.agglo_haguenau.twa.R$attr
app.vercel.agglo_haguenau.twa.R$styleable
app.vercel.agglo_haguenau.twa.R$color
app.vercel.agglo_haguenau.twa.R$raw
app.vercel.agglo_haguenau.twa.R$xml
app.vercel.agglo_haguenau.twa.R$id
app.vercel.agglo_haguenau.twa.BuildConfig
app.vercel.agglo_haguenau.twa.R$layout
app.vercel.agglo_haguenau.twa.R$dimen
app.vercel.agglo_haguenau.twa.R
app.vercel.agglo_haguenau.twa.R$integer
app.vercel.agglo_haguenau.twa.R$string
...
androidx.browser.browseractions.BrowserActionsIntent$BrowserActionsFallDialogListener
androidx.core.view.ScrollingView
androidx.core.app.ActivityCompat:
    protected void <init>()
    public static void setPermissionCompatDelegate(androidx.core.app.ActivityCompat$PermissionCompatDelegate)
    public static androidx.core.app.ActivityCompat$PermissionCompatDelegate getPermissionCompatDelegate()
    public static boolean invalidateOptionsMenu(android.app.Activity)
    public static void startActivityForResult(android.app.Activity,android.content.Intent,int,android.os.Bundle)
    public static void startIntentSenderForResult(android.app.Activity,android.content.IntentSender,int,android.content.Intent,int,int,int,android.os.Bundle)
    public static void finishAffinity(android.app.Activity)
    public static void finishAfterTransition(android.app.Activity)
    public static android.net.Uri getReferrer(android.app.Activity)
    public static android.view.View requireViewById(android.app.Activity,int)
    public static void setEnterSharedElementCallback(android.app.Activity,androidx.core.app.SharedElementCallback)
    public static void setExitSharedElementCallback(android.app.Activity,androidx.core.app.SharedElementCallback)
    public static void postponeEnterTransition(android.app.Activity)
    public static void startPostponedEnterTransition(android.app.Activity)
    public static boolean shouldShowRequestPermissionRationale(android.app.Activity,java.lang.String)
androidx.core.provider.SelfDestructiveThread$2$1
androidx.core.hardware.display.DisplayManagerCompat
androidx.core.widget.NestedScrollView$SavedState$1
androidx.core.app.FrameMetricsAggregator$MetricType
androidx.core.widget.TextViewCompat
androidx.core.widget.ContentLoadingProgressBar$1
androidx.core.view.accessibility.AccessibilityViewCommand
androidx.core.graphics.PathParser
androidx.core.util.ObjectsCompat
android.support.v4.os.ResultReceiver$1
androidx.annotation.WorkerThread
androidx.core.graphics.TypefaceCompatBaseImpl$2
androidx.core.view.accessibility.AccessibilityManagerCompat
androidx.core.view.GestureDetectorCompat$GestureDetectorCompatImplJellybeanMr2
androidx.core.content.PermissionChecker
androidx.browser.customtabs.CustomTabsSession$MockSession
com.google.androidbrowserhelper.R$attr
android.support.customtabs.trusted.ITrustedWebActivityCallback$Stub:
    public void <init>()
    public static boolean setDefaultImpl(android.support.customtabs.trusted.ITrustedWebActivityCallback)
    public static android.support.customtabs.trusted.ITrustedWebActivityCallback getDefaultImpl()
    public android.os.IBinder asBinder()
    public boolean onTransact(int,android.os.Parcel,android.os.Parcel,int)
    private static final java.lang.String DESCRIPTOR
    static final int TRANSACTION_onExtraCallback
androidx.core.provider.SelfDestructiveThread$ReplyCallback
androidx.core.text.PrecomputedTextCompat$Params$Builder
androidx.core.app.NotificationCompatSideChannelService
androidx.core.view.DragStartHelper$OnDragStartListener
androidx.core.view.NestedScrollingChild
androidx.annotation.DrawableRes
androidx.core.app.ServiceCompat$StopForegroundFlags
androidx.core.net.ConnectivityManagerCompat
androidx.concurrent.futures.CallbackToFutureAdapter$FutureGarbageCollectedException
androidx.core.view.ViewCompat$AccessibilityPaneVisibilityManager
androidx.core.content.res.ResourcesCompat$FontCallback$2
androidx.browser.browseractions.BrowserActionsFallbackMenuAdapter$ViewHolderItem
androidx.core.view.animation.PathInterpolatorCompat
androidx.lifecycle.CompositeGeneratedAdaptersObserver:
    void <init>(androidx.lifecycle.GeneratedAdapter[])
    public void onStateChanged(androidx.lifecycle.LifecycleOwner,androidx.lifecycle.Lifecycle$Event)
    private final androidx.lifecycle.GeneratedAdapter[] mGeneratedAdapters
androidx.core.hardware.fingerprint.FingerprintManagerCompat$AuthenticationCallback
androidx.core.view.accessibility.AccessibilityViewCommand$MoveWindowArguments